[20210901_113603] index:0;amout:42;created
[20210901_113603] index:1;amout:54;created
[20210901_113603] index:2;amout:957;created
[20210901_113603] index:3;amout:432;created
[20210901_113603] index:4;amout:1234;created
[20210901_113603] index:5;amout:0;created
[20210901_113603] index:6;amout:754;created
[20210901_113603] index:7;amout:16576;created
[20210901_113603] accounts:8;total:20049;deposits:0;withdrawals:0;
[20210901_113603] index:0;amout:42;deposits:0;withdrawals:0;
[20210901_113603] index:1;amout:54;deposits:0;withdrawals:0;
[20210901_113603] index:2;amout:957;deposits:0;withdrawals:0;
[20210901_113603] index:3;amout:432;deposits:0;withdrawals:0;
[20210901_113603] index:4;amout:1234;deposits:0;withdrawals:0;
[20210901_113603] index:5;amout:0;deposits:0;withdrawals:0;
[20210901_113603] index:6;amout:754;deposits:0;withdrawals:0;
[20210901_113603] index:7;amout:16576;deposits:0;withdrawals:0;
[20210901_113603] index:0;p_amout:42;deposit:5;amout:47;nb_deposits:1;
[20210901_113603] index:1;p_amout:54;deposit:765;amout:819;nb_deposits:1;
[20210901_113603] index:2;p_amout:957;deposit:564;amout:1521;nb_deposits:1;
[20210901_113603] index:3;p_amout:432;deposit:2;amout:434;nb_deposits:1;
[20210901_113603] index:4;p_amout:1234;deposit:87;amout:1321;nb_deposits:1;
[20210901_113603] index:5;p_amout:0;deposit:23;amout:23;nb_deposits:1;
[20210901_113603] index:6;p_amout:754;deposit:9;amout:763;nb_deposits:1;
[20210901_113603] index:7;p_amout:16576;deposit:20;amout:16596;nb_deposits:1;
[20210901_113603] accounts:8;total:21524;deposits:8;withdrawals:0;
[20210901_113603] index:0;amout:47;deposits:1;withdrawals:0;
[20210901_113603] index:1;amout:819;deposits:1;withdrawals:0;
[20210901_113603] index:2;amout:1521;deposits:1;withdrawals:0;
[20210901_113603] index:3;amout:434;deposits:1;withdrawals:0;
[20210901_113603] index:4;amout:1321;deposits:1;withdrawals:0;
[20210901_113603] index:5;amout:23;deposits:1;withdrawals:0;
[20210901_113603] index:6;amout:763;deposits:1;withdrawals:0;
[20210901_113603] index:7;amout:16596;deposits:1;withdrawals:0;
[20210901_113603] index:0;p_amout:47;withdrawal:refused
[20210901_113603] index:1;p_amout:819;withdrawal:34;amout:785;nb_withdrawal:1;
[20210901_113603] index:2;p_amout:1521;withdrawal:657;amout:864;nb_withdrawal:1;
[20210901_113603] index:3;p_amout:434;withdrawal:4;amout:430;nb_withdrawal:1;
[20210901_113603] index:4;p_amout:1321;withdrawal:76;amout:1245;nb_withdrawal:1;
[20210901_113603] index:5;p_amout:23;withdrawal:refused
[20210901_113603] index:6;p_amout:763;withdrawal:657;amout:106;nb_withdrawal:1;
[20210901_113603] index:7;p_amout:16596;withdrawal:7654;amout:8942;nb_withdrawal:1;
[20210901_113603] accounts:8;total:12442;deposits:8;withdrawals:6;
[20210901_113603] index:0;amout:47;deposits:1;withdrawals:0;
[20210901_113603] index:1;amout:785;deposits:1;withdrawals:1;
[20210901_113603] index:2;amout:864;deposits:1;withdrawals:1;
[20210901_113603] index:3;amout:430;deposits:1;withdrawals:1;
[20210901_113603] index:4;amout:1245;deposits:1;withdrawals:1;
[20210901_113603] index:5;amout:23;deposits:1;withdrawals:0;
[20210901_113603] index:6;amout:106;deposits:1;withdrawals:1;
[20210901_113603] index:7;amout:8942;deposits:1;withdrawals:1;
[20210901_113603] index:7;amout:8942;closed
[20210901_113603] index:6;amout:106;closed
[20210901_113603] index:5;amout:23;closed
[20210901_113603] index:4;amout:1245;closed
[20210901_113603] index:3;amout:430;closed
[20210901_113603] index:2;amout:864;closed
[20210901_113603] index:1;amout:785;closed
[20210901_113603] index:0;amout:47;closed